Build started 19/07/2012 01:12:56.
     1>Project "C:\Users\ZangaoInfo\Downloads\cornus trunk\vcproj-10\mapcache.vcxproj" on node 3 (build target(s)).
     1>InitializeBuildStatus:
         Creating "mapcache\Release\mapcache.unsuccessfulbuild" because "AlwaysCreate" was specified.
       ClCompile:
         c:\Program Files (x86)\Microsoft Visual Studio 10.0\VC\bin\CL.exe /c /I..\3rdparty\zlib\include /I..\3rdparty\msinttypes\include /Zi /nologo /W3 /WX- /O2 /Ob2 /Oi /Ot /Oy /GT /GL /D WIN32 /D _WIN32 /D __WIN32 /D NDEBUG /D _CRT_SECURE_NO_DEPRECATE /D _CRT_NONSTDC_NO_DEPRECATE /D MINICORE /D _MBCS /GF /Gm- /EHsc /MT /GS /Gy- /fp:precise /Zc:wchar_t /Zc:forScope /Fo"mapcache\Release\\" /Fd"mapcache\Release\vc100.pdb" /Gd /TC /analyze- /errorReport:prompt ..\src\common\core.c ..\src\common\utils.c ..\src\tool\mapcache.c
         core.c
         utils.c
         mapcache.c
       Link:
         c:\Program Files (x86)\Microsoft Visual Studio 10.0\VC\bin\link.exe /ERRORREPORT:PROMPT /OUT:"..\mapcache.exe" /INCREMENTAL:NO /NOLOGO /LIBPATH:..\3rdparty\zlib\lib libcmt.lib oldnames.lib zdll.lib kernel32.lib user32.lib gdi32.lib winspool.lib comdlg32.lib advapi32.lib shell32.lib ole32.lib oleaut32.lib uuid.lib odbc32.lib odbccp32.lib /NODEFAULTLIB /MANIFEST /ManifestFile:"mapcache\Release\mapcache.exe.intermediate.manifest" /MANIFESTUAC:"level='asInvoker' uiAccess='false'" /DEBUG /PDB:"..\mapcache.pdb" /SUBSYSTEM:CONSOLE /OPT:REF /OPT:ICF /LTCG /TLBID:1 /DYNAMICBASE:NO /IMPLIB:"..\mapcache.lib" /MACHINE:X86 mapcache\Release\core.obj
         mapcache\Release\grfio.obj
         mapcache\Release\malloc.obj
         mapcache\Release\showmsg.obj
         mapcache\Release\strlib.obj
         mapcache\Release\utils.obj
         mapcache\Release\mapcache.obj
         Generating code
         Finished generating code
         mapcache.vcxproj -> C:\Users\ZangaoInfo\Downloads\cornus trunk\vcproj-10\..\mapcache.exe
       Manifest:
         C:\Program Files (x86)\Microsoft SDKs\Windows\v7.0A\bin\mt.exe /nologo /verbose /outputresource:"..\mapcache.exe;#1" /manifest mapcache\Release\mapcache.exe.intermediate.manifest
       FinalizeBuildStatus:
         Deleting file "mapcache\Release\mapcache.unsuccessfulbuild".
         Touching "mapcache\Release\mapcache.lastbuildstate".
     1>Done Building Project "C:\Users\ZangaoInfo\Downloads\cornus trunk\vcproj-10\mapcache.vcxproj" (build target(s)).

Build succeeded.

Time Elapsed 00:00:01.09
