Build started 19/07/2012 01:12:18.
     1>Project "C:\Users\ZangaoInfo\Downloads\cornus trunk\vcproj-10\login-server_sql.vcxproj" on node 3 (build target(s)).
     1>InitializeBuildStatus:
         Creating "login-server_sql\Release\login-server_sql.unsuccessfulbuild" because "AlwaysCreate" was specified.
       ClCompile:
         c:\Program Files (x86)\Microsoft Visual Studio 10.0\VC\bin\CL.exe /c /I..\3rdparty\mysql\include /I..\3rdparty\msinttypes\include /I..\3rdparty\mt19937ar /Zi /nologo /W3 /WX- /O2 /Ob2 /Oi /Ot /Oy /GT /GL /D WIN32 /D _WIN32 /D __WIN32 /D NDEBUG /D _CRT_SECURE_NO_DEPRECATE /D _CRT_NONSTDC_NO_DEPRECATE /D FD_SETSIZE=4096 /D DB_MANUAL_CAST_TO_UNION /D WITH_SQL /D _VC80_UPGRADE=0x0710 /D _MBCS /GF /Gm- /EHsc /MT /GS /fp:precise /Zc:wchar_t /Zc:forScope /Fo"login-server_sql\Release\\" /Fd"login-server_sql\Release\vc100.pdb" /Gd /TC /wd4100 /wd4800 /analyze- /errorReport:prompt ..\src\common\core.c ..\src\common\db.c ..\src\common\plugins.c ..\src\common\socket.c ..\src\common\utils.c ..\src\login\account_sql.c ..\src\login\ipban_sql.c ..\src\login\login.c ..\src\login\loginlog_sql.c
         core.c
         db.c
         plugins.c
         socket.c
         utils.c
         account_sql.c
         ipban_sql.c
         login.c
         loginlog_sql.c
       Link:
         c:\Program Files (x86)\Microsoft Visual Studio 10.0\VC\bin\link.exe /ERRORREPORT:PROMPT /OUT:"..\login-server_sql.exe" /INCREMENTAL:NO /NOLOGO /LIBPATH:..\3rdparty\mysql\lib libcmt.lib oldnames.lib ws2_32.lib libmysql.lib kernel32.lib user32.lib gdi32.lib winspool.lib comdlg32.lib advapi32.lib shell32.lib ole32.lib oleaut32.lib uuid.lib odbc32.lib odbccp32.lib /NODEFAULTLIB /MANIFEST /ManifestFile:"login-server_sql\Release\login-server_sql.exe.intermediate.manifest" /MANIFESTUAC:"level='asInvoker' uiAccess='false'" /DEBUG /PDB:"..\login-server_sql.pdb" /SUBSYSTEM:CONSOLE /OPT:REF /OPT:ICF /LTCG /TLBID:1 /DYNAMICBASE:NO /IMPLIB:"..\login-server_sql.lib" /MACHINE:X86 "login-server_sql\Release\account_sql.obj"
         "login-server_sql\Release\ipban_sql.obj"
         "login-server_sql\Release\login.obj"
         "login-server_sql\Release\loginlog_sql.obj"
         "login-server_sql\Release\core.obj"
         "login-server_sql\Release\db.obj"
         "login-server_sql\Release\ers.obj"
         "login-server_sql\Release\lock.obj"
         "login-server_sql\Release\malloc.obj"
         "login-server_sql\Release\md5calc.obj"
         "login-server_sql\Release\nullpo.obj"
         "login-server_sql\Release\plugins.obj"
         "login-server_sql\Release\random.obj"
         "login-server_sql\Release\showmsg.obj"
         "login-server_sql\Release\socket.obj"
         "login-server_sql\Release\sql.obj"
         "login-server_sql\Release\strlib.obj"
         "login-server_sql\Release\timer.obj"
         "login-server_sql\Release\utils.obj"
         "login-server_sql\Release\mt19937ar.obj"
         Generating code
         Finished generating code
         login-server_sql.vcxproj -> C:\Users\ZangaoInfo\Downloads\cornus trunk\vcproj-10\..\login-server_sql.exe
       Manifest:
         C:\Program Files (x86)\Microsoft SDKs\Windows\v7.0A\bin\mt.exe /nologo /verbose /outputresource:"..\login-server_sql.exe;#1" /manifest "login-server_sql\Release\login-server_sql.exe.intermediate.manifest"
       FinalizeBuildStatus:
         Deleting file "login-server_sql\Release\login-server_sql.unsuccessfulbuild".
         Touching "login-server_sql\Release\login-server_sql.lastbuildstate".
     1>Done Building Project "C:\Users\ZangaoInfo\Downloads\cornus trunk\vcproj-10\login-server_sql.vcxproj" (build target(s)).

Build succeeded.

Time Elapsed 00:00:03.37
